17:06:14.269 [main] INFO  api.test.UserTest - **Creating User info..**
17:06:17.171 [main] INFO  api.test.UserTest - **User is created..**
17:06:17.182 [main] INFO  api.test.UserTest - **Reading User info..**
17:06:18.706 [main] INFO  api.test.UserTest - **User info is displayed..**
17:06:18.719 [main] INFO  api.test.UserTest - **Updating User info..**
17:08:01.501 [main] INFO  api.test.UserTest - **Creating User info..**
17:08:04.113 [main] INFO  api.test.UserTest - **User is created..**
17:08:04.125 [main] INFO  api.test.UserTest - **Reading User info..**
17:08:05.634 [main] INFO  api.test.UserTest - **User info is displayed..**
17:08:05.637 [main] INFO  api.test.UserTest - **Updating User info..**
17:08:08.522 [main] INFO  api.test.UserTest - **User info is update..**
17:10:22.717 [main] INFO  api.test.UserTest - **Creating User info..**
17:10:25.331 [main] INFO  api.test.UserTest - **User is created..**
17:10:25.344 [main] INFO  api.test.UserTest - **Reading User info..**
17:10:26.806 [main] INFO  api.test.UserTest - **Updating User info..**
17:10:29.737 [main] INFO  api.test.UserTest - **User info is updated..**
17:11:18.024 [main] INFO  api.test.UserTest - **Creating User info..**
17:11:20.618 [main] INFO  api.test.UserTest - **User is created..**
17:11:20.630 [main] INFO  api.test.UserTest - **Reading User info..**
17:11:22.176 [main] INFO  api.test.UserTest - **Updating User info..**
17:11:25.041 [main] INFO  api.test.UserTest - **Deleting User info..**
17:11:26.468 [main] INFO  api.test.UserTest - **User info is deleted..**
17:14:30.489 [main] INFO  api.test.UserTest - **Creating User info..**
17:14:33.212 [main] INFO  api.test.UserTest - **User is created..**
17:14:33.224 [main] INFO  api.test.UserTest - **Reading User info..**
17:14:34.920 [main] INFO  api.test.UserTest - **User info is displayed..**
17:14:34.924 [main] INFO  api.test.UserTest - **Updating User info..**
17:14:37.924 [main] INFO  api.test.UserTest - **User info is updated..**
17:14:37.928 [main] INFO  api.test.UserTest - **Deleting User info..**
17:14:39.523 [main] INFO  api.test.UserTest - **User info is deleted..**
18:45:33.744 [main] INFO  api.test.UserTest2 - **Creating User info..**
18:45:33.770 [main] INFO  api.test.UserTest2 - **Reading User info..**
18:45:37.027 [main] INFO  api.test.UserTest2 - **Updating User info..**
18:45:38.711 [main] INFO  api.test.UserTest2 - **Deleting User info..**
18:48:45.357 [main] INFO  api.test.UserTest2 - **Creating User info..**
18:48:48.101 [main] INFO  api.test.UserTest2 - **User is created..**
18:48:48.114 [main] INFO  api.test.UserTest2 - **Reading User info..**
18:48:49.615 [main] INFO  api.test.UserTest2 - **Updating User info..**
18:48:51.000 [main] INFO  api.test.UserTest2 - **Deleting User info..**
18:51:21.046 [main] INFO  api.test.UserTest2 - **Creating User info..**
18:51:23.720 [main] INFO  api.test.UserTest2 - **User is created..**
18:51:23.733 [main] INFO  api.test.UserTest2 - **Reading User info..**
18:51:25.206 [main] INFO  api.test.UserTest2 - **User info is displayed..**
18:51:25.209 [main] INFO  api.test.UserTest2 - **Updating User info..**
18:51:28.007 [main] INFO  api.test.UserTest2 - **User info is updated..**
18:51:28.011 [main] INFO  api.test.UserTest2 - **Deleting User info..**
18:51:29.396 [main] INFO  api.test.UserTest2 - **User info is deleted..**
19:08:20.583 [main] INFO  api.test.UserTest - **Creating User info..**
19:08:22.048 [main] INFO  api.test.UserTest - **User is created..**
19:08:22.049 [main] INFO  api.test.UserTest - **Reading User info..**
19:08:23.444 [main] INFO  api.test.UserTest - **Updating User info..**
19:08:26.274 [main] INFO  api.test.UserTest - **User info is updated..**
19:08:26.275 [main] INFO  api.test.UserTest - **Deleting User info..**
19:08:27.721 [main] INFO  api.test.UserTest - **User info is deleted..**
19:13:26.334 [main] INFO  api.test.UserTest2 - **Creating User info..**
19:13:29.254 [main] INFO  api.test.UserTest2 - **User is created..**
19:13:29.265 [main] INFO  api.test.UserTest2 - **Reading User info..**
19:13:30.746 [main] INFO  api.test.UserTest2 - **User info is displayed..**
19:13:30.748 [main] INFO  api.test.UserTest2 - **Updating User info..**
19:13:33.725 [main] INFO  api.test.UserTest2 - **User info is updated..**
19:13:33.728 [main] INFO  api.test.UserTest2 - **Deleting User info..**
19:13:35.288 [main] INFO  api.test.UserTest2 - **User info is deleted..**
23:57:51.627 [main] INFO  api.test.UserTest2 - **Creating User info..**
23:57:56.223 [main] INFO  api.test.UserTest2 - **User is created..**
23:57:56.241 [main] INFO  api.test.UserTest2 - **Reading User info..**
23:57:57.900 [main] INFO  api.test.UserTest2 - **User info is displayed..**
23:57:57.905 [main] INFO  api.test.UserTest2 - **Updating User info..**
23:58:03.323 [main] INFO  api.test.UserTest2 - **User info is updated..**
23:58:03.328 [main] INFO  api.test.UserTest2 - **Deleting User info..**
