23:58:04.960 [main] INFO  api.test.UserTest2 - **User info is deleted..**
00:10:44.523 [main] INFO  api.test.UserTest2 - **Creating User info..**
00:10:47.245 [main] INFO  api.test.UserTest2 - **User is created..**
00:10:47.255 [main] INFO  api.test.UserTest2 - **Reading User info..**
00:10:48.698 [main] INFO  api.test.UserTest2 - **User info is displayed..**
00:10:48.700 [main] INFO  api.test.UserTest2 - **Updating User info..**
00:10:51.540 [main] INFO  api.test.UserTest2 - **User info is updated..**
00:10:51.543 [main] INFO  api.test.UserTest2 - **Deleting User info..**
00:11:19.665 [main] INFO  api.test.UserTest2 - **Creating User info..**
00:11:22.335 [main] INFO  api.test.UserTest2 - **User is created..**
00:11:22.353 [main] INFO  api.test.UserTest2 - **Reading User info..**
00:11:23.807 [main] INFO  api.test.UserTest2 - **User info is displayed..**
00:11:23.809 [main] INFO  api.test.UserTest2 - **Updating User info..**
00:11:26.717 [main] INFO  api.test.UserTest2 - **Deleting User info..**
00:11:28.149 [main] INFO  api.test.UserTest2 - **User info is deleted..**
00:13:25.851 [main] INFO  api.test.UserTest2 - **Creating User info..**
00:13:28.674 [main] INFO  api.test.UserTest2 - **User is created..**
00:13:28.684 [main] INFO  api.test.UserTest2 - **Reading User info..**
00:13:30.405 [main] INFO  api.test.UserTest2 - **Updating User info..**
00:13:33.771 [main] INFO  api.test.UserTest2 - **User info is updated..**
00:13:33.775 [main] INFO  api.test.UserTest2 - **Deleting User info..**
00:13:35.324 [main] INFO  api.test.UserTest2 - **User info is deleted..**
00:14:24.685 [main] INFO  api.test.UserTest2 - **Creating User info..**
00:14:27.426 [main] INFO  api.test.UserTest2 - **User is created..**
00:14:27.437 [main] INFO  api.test.UserTest2 - **Reading User info..**
00:14:28.865 [main] INFO  api.test.UserTest2 - **User info is displayed..**
00:14:28.866 [main] INFO  api.test.UserTest2 - **Updating User info..**
00:14:31.872 [main] INFO  api.test.UserTest2 - **User info is updated..**
00:14:31.876 [main] INFO  api.test.UserTest2 - **Deleting User info..**
00:14:33.281 [main] INFO  api.test.UserTest2 - **User info is deleted..**
00:16:43.631 [main] INFO  api.test.UserTest2 - **Creating User info..**
00:16:46.405 [main] INFO  api.test.UserTest2 - **User is created..**
00:16:46.416 [main] INFO  api.test.UserTest2 - **Reading User info..**
00:16:48.225 [main] INFO  api.test.UserTest2 - **Updating User info..**
00:16:51.244 [main] INFO  api.test.UserTest2 - **Deleting User info..**
00:17:19.842 [main] INFO  api.test.UserTest2 - **Creating User info..**
00:17:22.429 [main] INFO  api.test.UserTest2 - **User is created..**
00:17:22.438 [main] INFO  api.test.UserTest2 - **Reading User info..**
00:17:23.976 [main] INFO  api.test.UserTest2 - **User info is displayed..**
00:17:23.978 [main] INFO  api.test.UserTest2 - **Updating User info..**
00:17:27.643 [main] INFO  api.test.UserTest2 - **User info is updated..**
00:17:27.645 [main] INFO  api.test.UserTest2 - **Deleting User info..**
00:17:29.077 [main] INFO  api.test.UserTest2 - **User info is deleted..**
00:27:47.997 [main] INFO  api.test.UserTest2 - **Creating User info..**
00:27:50.729 [main] INFO  api.test.UserTest2 - **User is created..**
00:27:50.738 [main] INFO  api.test.UserTest2 - **Reading User info..**
00:27:52.239 [main] INFO  api.test.UserTest2 - **Updating User info..**
00:27:55.179 [main] INFO  api.test.UserTest2 - **User info is updated..**
00:27:55.182 [main] INFO  api.test.UserTest2 - **Deleting User info..**
00:28:27.346 [main] INFO  api.test.UserTest2 - **Creating User info..**
00:28:30.032 [main] INFO  api.test.UserTest2 - **User is created..**
00:28:30.043 [main] INFO  api.test.UserTest2 - **Reading User info..**
00:28:31.507 [main] INFO  api.test.UserTest2 - **Updating User info..**
00:28:34.313 [main] INFO  api.test.UserTest2 - **User info is updated..**
00:28:34.315 [main] INFO  api.test.UserTest2 - **Deleting User info..**
00:29:34.594 [main] INFO  api.test.UserTest2 - **Creating User info..**
00:29:37.326 [main] INFO  api.test.UserTest2 - **User is created..**
00:29:37.338 [main] INFO  api.test.UserTest2 - **Reading User info..**
00:29:38.785 [main] INFO  api.test.UserTest2 - **User info is displayed..**
00:29:38.787 [main] INFO  api.test.UserTest2 - **Updating User info..**
00:29:43.081 [main] INFO  api.test.UserTest2 - **User info is updated..**
00:29:43.085 [main] INFO  api.test.UserTest2 - **Deleting User info..**
00:29:49.713 [main] INFO  api.test.UserTest2 - **User info is deleted..**
00:30:12.547 [main] INFO  api.test.UserTest2 - **Creating User info..**
00:31:57.619 [main] INFO  api.test.UserTest2 - **Creating User info..**
00:32:00.374 [main] INFO  api.test.UserTest2 - **User is created..**
00:32:00.384 [main] INFO  api.test.UserTest2 - **Reading User info..**
00:32:01.890 [main] INFO  api.test.UserTest2 - **User info is displayed..**
00:32:01.892 [main] INFO  api.test.UserTest2 - **Updating User info..**
